<?xml version="1.0" encoding="UTF-8"?>
<!-- Generated by org.testng.reporters.JUnitXMLReporter -->
<testsuite ignored="7" hostname="USBGOSHDAYANA1" failures="0" tests="1" name="Default test" time="4.779" errors="0" timestamp="2021-07-19T11:49:13 IST">
  <testcase classname="com.resttest.MainRestAPI.AppTest" name="checkNumberOfItems" time="4.389"/>
  <testcase classname="com.resttest.MainRestAPI.AppTest" name="testPostRequest" time="0.0">
    <ignored/>
  </testcase> <!-- testPostRequest -->
  <testcase classname="com.resttest.MainRestAPI.AppTest" name="checkUserDetails" time="0.0">
    <ignored/>
  </testcase> <!-- checkUserDetails -->
  <testcase classname="com.resttest.MainRestAPI.AppTest" name="checkLatLongs" time="0.0">
    <ignored/>
  </testcase> <!-- checkLatLongs -->
  <testcase classname="com.resttest.MainRestAPI.AppTest" name="validateProducts" time="0.0">
    <ignored/>
  </testcase> <!-- validateProducts -->
  <testcase classname="com.resttest.MainRestAPI.AppTest" name="checkUniqueKeys" time="0.0">
    <ignored/>
  </testcase> <!-- checkUniqueKeys -->
  <testcase classname="com.resttest.MainRestAPI.AppTest" name="checkPassword" time="0.0">
    <ignored/>
  </testcase> <!-- checkPassword -->
  <testcase classname="com.resttest.MainRestAPI.AppTest" name="validateCartJson" time="0.0">
    <ignored/>
  </testcase> <!-- validateCartJson -->
</testsuite> <!-- Default test -->
