<?xml version="1.0" encoding="UTF-8"?>
<testng-results ignored="7" total="8" passed="1" failed="0" skipped="0">
  <reporter-output>
  </reporter-output>
  <suite started-at="2021-07-19T11:49:08 IST" name="Default suite" finished-at="2021-07-19T11:49:13 IST" duration-ms="4779">
    <groups>
    </groups>
    <test started-at="2021-07-19T11:49:08 IST" name="Default test" finished-at="2021-07-19T11:49:13 IST" duration-ms="4779">
      <class name="com.resttest.MainRestAPI.AppTest">
        <test-method is-config="true" signature="startReport()[pri:0, instance:com.resttest.MainRestAPI.AppTest@659a969b]" started-at="2021-07-19T11:49:08 IST" name="startReport" finished-at="2021-07-19T11:49:09 IST" duration-ms="175" status="PASS">
          <reporter-output>
          </reporter-output>
        </test-method> <!-- startReport -->
        <test-method signature="checkNumberOfItems()[pri:0, instance:com.resttest.MainRestAPI.AppTest@659a969b]" started-at="2021-07-19T11:49:09 IST" name="checkNumberOfItems" finished-at="2021-07-19T11:49:13 IST" duration-ms="4389" status="PASS">
          <reporter-output>
          </reporter-output>
        </test-method> <!-- checkNumberOfItems -->
        <test-method is-config="true" signature="getResult(org.testng.ITestResult)[pri:0, instance:com.resttest.MainRestAPI.AppTest@659a969b]" started-at="2021-07-19T11:49:13 IST" name="getResult" finished-at="2021-07-19T11:49:13 IST" duration-ms="2" status="PASS">
          <params>
            <param index="0">
              <value>
                <![CDATA[[TestResult name=checkNumberOfItems status=SUCCESS method=AppTest.checkNumberOfItems()[pri:0, instance:com.resttest.MainRestAPI.AppTest@659a969b] output={null}]]]>
              </value>
            </param>
          </params>
          <reporter-output>
          </reporter-output>
        </test-method> <!-- getResult -->
        <test-method is-config="true" signature="endReport()[pri:0, instance:com.resttest.MainRestAPI.AppTest@659a969b]" started-at="2021-07-19T11:49:13 IST" name="endReport" finished-at="2021-07-19T11:49:13 IST" duration-ms="186" status="PASS">
          <reporter-output>
          </reporter-output>
        </test-method> <!-- endReport -->
      </class> <!-- com.resttest.MainRestAPI.AppTest -->
    </test> <!-- Default test -->
  </suite> <!-- Default suite -->
</testng-results>
